{"error":{},"level":"error","message":"uncaughtException: An error occurred\nError: An error occurred\n    at Server.<anonymous> (C:\\Users\\Veronika K\\Documents\\FIIT\\ING\\TP\\TP20\\backend\\server.js:90:9)\n    at Object.onceWrapper (events.js:299:28)\n    at Server.emit (events.js:210:5)\n    at emitListeningNT (net.js:1334:10)\n    at processTicksAndRejections (internal/process/task_queues.js:79:21)","stack":"Error: An error occurred\n    at Server.<anonymous> (C:\\Users\\Veronika K\\Documents\\FIIT\\ING\\TP\\TP20\\backend\\server.js:90:9)\n    at Object.onceWrapper (events.js:299:28)\n    at Server.emit (events.js:210:5)\n    at emitListeningNT (net.js:1334:10)\n    at processTicksAndRejections (internal/process/task_queues.js:79:21)","exception":true,"date":"Thu Dec 05 2019 19:05:16 GMT+0100 (GMT+01:00)","process":{"pid":5428,"uid":null,"gid":null,"cwd":"C:\\Users\\Veronika K\\Documents\\FIIT\\ING\\TP\\TP20\\backend","execPath":"C:\\Program Files\\nodejs\\node.exe","version":"v12.12.0","argv":["C:\\Program Files\\nodejs\\node.exe","C:\\Users\\Veronika K\\Documents\\FIIT\\ING\\TP\\TP20\\backend\\server.js"],"memoryUsage":{"rss":37826560,"heapTotal":18747392,"heapUsed":13555744,"external":1768405}},"os":{"loadavg":[0,0,0],"uptime":211857},"trace":[{"column":9,"file":"C:\\Users\\Veronika K\\Documents\\FIIT\\ING\\TP\\TP20\\backend\\server.js","function":null,"line":90,"method":null,"native":false},{"column":28,"file":"events.js","function":"Object.onceWrapper","line":299,"method":"onceWrapper","native":false},{"column":5,"file":"events.js","function":"Server.emit","line":210,"method":"emit","native":false},{"column":10,"file":"net.js","function":"emitListeningNT","line":1334,"method":null,"native":false},{"column":21,"file":"internal/process/task_queues.js","function":"processTicksAndRejections","line":79,"method":null,"native":false}]}
{"error":{},"level":"error","message":"uncaughtException: An error occurred\nError: An error occurred\n    at Server.<anonymous> (C:\\Users\\Veronika K\\Documents\\FIIT\\ING\\TP\\TP20\\backend\\server.js:90:9)\n    at Object.onceWrapper (events.js:299:28)\n    at Server.emit (events.js:210:5)\n    at emitListeningNT (net.js:1334:10)\n    at processTicksAndRejections (internal/process/task_queues.js:79:21)","stack":"Error: An error occurred\n    at Server.<anonymous> (C:\\Users\\Veronika K\\Documents\\FIIT\\ING\\TP\\TP20\\backend\\server.js:90:9)\n    at Object.onceWrapper (events.js:299:28)\n    at Server.emit (events.js:210:5)\n    at emitListeningNT (net.js:1334:10)\n    at processTicksAndRejections (internal/process/task_queues.js:79:21)","exception":true,"date":"Thu Dec 05 2019 19:07:17 GMT+0100 (GMT+01:00)","process":{"pid":9540,"uid":null,"gid":null,"cwd":"C:\\Users\\Veronika K\\Documents\\FIIT\\ING\\TP\\TP20\\backend","execPath":"C:\\Program Files\\nodejs\\node.exe","version":"v12.12.0","argv":["C:\\Program Files\\nodejs\\node.exe","C:\\Users\\Veronika K\\Documents\\FIIT\\ING\\TP\\TP20\\backend\\server.js"],"memoryUsage":{"rss":38068224,"heapTotal":18747392,"heapUsed":13556080,"external":1742866}},"os":{"loadavg":[0,0,0],"uptime":211978},"trace":[{"column":9,"file":"C:\\Users\\Veronika K\\Documents\\FIIT\\ING\\TP\\TP20\\backend\\server.js","function":null,"line":90,"method":null,"native":false},{"column":28,"file":"events.js","function":"Object.onceWrapper","line":299,"method":"onceWrapper","native":false},{"column":5,"file":"events.js","function":"Server.emit","line":210,"method":"emit","native":false},{"column":10,"file":"net.js","function":"emitListeningNT","line":1334,"method":null,"native":false},{"column":21,"file":"internal/process/task_queues.js","function":"processTicksAndRejections","line":79,"method":null,"native":false}]}
{"error":{},"level":"error","message":"uncaughtException: An error occurred\nError: An error occurred\n    at Server.<anonymous> (C:\\Users\\Veronika K\\Documents\\FIIT\\ING\\TP\\TP20\\backend\\server.js:90:9)\n    at Object.onceWrapper (events.js:299:28)\n    at Server.emit (events.js:210:5)\n    at emitListeningNT (net.js:1334:10)\n    at processTicksAndRejections (internal/process/task_queues.js:79:21)","stack":"Error: An error occurred\n    at Server.<anonymous> (C:\\Users\\Veronika K\\Documents\\FIIT\\ING\\TP\\TP20\\backend\\server.js:90:9)\n    at Object.onceWrapper (events.js:299:28)\n    at Server.emit (events.js:210:5)\n    at emitListeningNT (net.js:1334:10)\n    at processTicksAndRejections (internal/process/task_queues.js:79:21)","exception":true,"date":"Thu Dec 05 2019 19:07:48 GMT+0100 (GMT+01:00)","process":{"pid":6388,"uid":null,"gid":null,"cwd":"C:\\Users\\Veronika K\\Documents\\FIIT\\ING\\TP\\TP20\\backend","execPath":"C:\\Program Files\\nodejs\\node.exe","version":"v12.12.0","argv":["C:\\Program Files\\nodejs\\node.exe","C:\\Users\\Veronika K\\Documents\\FIIT\\ING\\TP\\TP20\\backend\\server.js"],"memoryUsage":{"rss":38223872,"heapTotal":18747392,"heapUsed":13561616,"external":1742866}},"os":{"loadavg":[0,0,0],"uptime":212010},"trace":[{"column":9,"file":"C:\\Users\\Veronika K\\Documents\\FIIT\\ING\\TP\\TP20\\backend\\server.js","function":null,"line":90,"method":null,"native":false},{"column":28,"file":"events.js","function":"Object.onceWrapper","line":299,"method":"onceWrapper","native":false},{"column":5,"file":"events.js","function":"Server.emit","line":210,"method":"emit","native":false},{"column":10,"file":"net.js","function":"emitListeningNT","line":1334,"method":null,"native":false},{"column":21,"file":"internal/process/task_queues.js","function":"processTicksAndRejections","line":79,"method":null,"native":false}]}
{"error":{"errno":-4058,"code":"ENOENT","syscall":"open","path":"C:\\Users\\Veronika K\\Documents\\FIIT\\ING\\TP\\TP20\\backend\\somefile.txt"},"level":"error","message":"uncaughtException: ENOENT: no such file or directory, open 'C:\\Users\\Veronika K\\Documents\\FIIT\\ING\\TP\\TP20\\backend\\somefile.txt'\nError: ENOENT: no such file or directory, open 'C:\\Users\\Veronika K\\Documents\\FIIT\\ING\\TP\\TP20\\backend\\somefile.txt'","stack":"Error: ENOENT: no such file or directory, open 'C:\\Users\\Veronika K\\Documents\\FIIT\\ING\\TP\\TP20\\backend\\somefile.txt'","exception":true,"date":"Thu Dec 05 2019 19:19:59 GMT+0100 (GMT+01:00)","process":{"pid":8280,"uid":null,"gid":null,"cwd":"C:\\Users\\Veronika K\\Documents\\FIIT\\ING\\TP\\TP20\\backend","execPath":"C:\\Program Files\\nodejs\\node.exe","version":"v12.12.0","argv":["C:\\Program Files\\nodejs\\node.exe","C:\\Users\\Veronika K\\Documents\\FIIT\\ING\\TP\\TP20\\backend\\server.js"],"memoryUsage":{"rss":40673280,"heapTotal":18747392,"heapUsed":13912960,"external":1746932}},"os":{"loadavg":[0,0,0],"uptime":212741},"trace":[]}
{"error":{"errno":-4058,"code":"ENOENT","syscall":"open","path":"C:\\Users\\Veronika K\\Documents\\FIIT\\ING\\TP\\TP20\\backend\\somefile.txt"},"level":"error","message":"uncaughtException: ENOENT: no such file or directory, open 'C:\\Users\\Veronika K\\Documents\\FIIT\\ING\\TP\\TP20\\backend\\somefile.txt'\nError: ENOENT: no such file or directory, open 'C:\\Users\\Veronika K\\Documents\\FIIT\\ING\\TP\\TP20\\backend\\somefile.txt'","stack":"Error: ENOENT: no such file or directory, open 'C:\\Users\\Veronika K\\Documents\\FIIT\\ING\\TP\\TP20\\backend\\somefile.txt'","exception":true,"date":"Thu Dec 05 2019 19:21:03 GMT+0100 (GMT+01:00)","process":{"pid":7588,"uid":null,"gid":null,"cwd":"C:\\Users\\Veronika K\\Documents\\FIIT\\ING\\TP\\TP20\\backend","execPath":"C:\\Program Files\\nodejs\\node.exe","version":"v12.12.0","argv":["C:\\Program Files\\nodejs\\node.exe","C:\\Users\\Veronika K\\Documents\\FIIT\\ING\\TP\\TP20\\backend\\server.js"],"memoryUsage":{"rss":40800256,"heapTotal":18747392,"heapUsed":13912544,"external":1772471}},"os":{"loadavg":[0,0,0],"uptime":212804},"trace":[]}
{"error":{},"level":"error","message":"uncaughtException: An error occurred\nError: An error occurred\n    at Server.<anonymous> (C:\\Users\\Veronika K\\Documents\\FIIT\\ING\\TP\\TP20\\backend\\server.js:91:9)\n    at Object.onceWrapper (events.js:299:28)\n    at Server.emit (events.js:210:5)\n    at emitListeningNT (net.js:1334:10)\n    at processTicksAndRejections (internal/process/task_queues.js:79:21)","stack":"Error: An error occurred\n    at Server.<anonymous> (C:\\Users\\Veronika K\\Documents\\FIIT\\ING\\TP\\TP20\\backend\\server.js:91:9)\n    at Object.onceWrapper (events.js:299:28)\n    at Server.emit (events.js:210:5)\n    at emitListeningNT (net.js:1334:10)\n    at processTicksAndRejections (internal/process/task_queues.js:79:21)","exception":true,"date":"Thu Dec 05 2019 19:22:06 GMT+0100 (GMT+01:00)","process":{"pid":8044,"uid":null,"gid":null,"cwd":"C:\\Users\\Veronika K\\Documents\\FIIT\\ING\\TP\\TP20\\backend","execPath":"C:\\Program Files\\nodejs\\node.exe","version":"v12.12.0","argv":["C:\\Program Files\\nodejs\\node.exe","C:\\Users\\Veronika K\\Documents\\FIIT\\ING\\TP\\TP20\\backend\\server.js"],"memoryUsage":{"rss":37920768,"heapTotal":18747392,"heapUsed":13520976,"external":1734674}},"os":{"loadavg":[0,0,0],"uptime":212867},"trace":[{"column":9,"file":"C:\\Users\\Veronika K\\Documents\\FIIT\\ING\\TP\\TP20\\backend\\server.js","function":null,"line":91,"method":null,"native":false},{"column":28,"file":"events.js","function":"Object.onceWrapper","line":299,"method":"onceWrapper","native":false},{"column":5,"file":"events.js","function":"Server.emit","line":210,"method":"emit","native":false},{"column":10,"file":"net.js","function":"emitListeningNT","line":1334,"method":null,"native":false},{"column":21,"file":"internal/process/task_queues.js","function":"processTicksAndRejections","line":79,"method":null,"native":false}]}
{"error":{},"level":"error","message":"uncaughtException: An error occurred\nError: An error occurred\n    at Server.<anonymous> (C:\\Users\\Veronika K\\Documents\\FIIT\\ING\\TP\\TP20\\backend\\server.js:91:9)\n    at Object.onceWrapper (events.js:299:28)\n    at Server.emit (events.js:210:5)\n    at emitListeningNT (net.js:1334:10)\n    at processTicksAndRejections (internal/process/task_queues.js:79:21)","stack":"Error: An error occurred\n    at Server.<anonymous> (C:\\Users\\Veronika K\\Documents\\FIIT\\ING\\TP\\TP20\\backend\\server.js:91:9)\n    at Object.onceWrapper (events.js:299:28)\n    at Server.emit (events.js:210:5)\n    at emitListeningNT (net.js:1334:10)\n    at processTicksAndRejections (internal/process/task_queues.js:79:21)","exception":true,"date":"Thu Dec 05 2019 19:23:00 GMT+0100 (GMT+01:00)","process":{"pid":2632,"uid":null,"gid":null,"cwd":"C:\\Users\\Veronika K\\Documents\\FIIT\\ING\\TP\\TP20\\backend","execPath":"C:\\Program Files\\nodejs\\node.exe","version":"v12.12.0","argv":["C:\\Program Files\\nodejs\\node.exe","C:\\Users\\Veronika K\\Documents\\FIIT\\ING\\TP\\TP20\\backend\\server.js"],"memoryUsage":{"rss":38051840,"heapTotal":18747392,"heapUsed":13597728,"external":1768405}},"os":{"loadavg":[0,0,0],"uptime":212922},"trace":[{"column":9,"file":"C:\\Users\\Veronika K\\Documents\\FIIT\\ING\\TP\\TP20\\backend\\server.js","function":null,"line":91,"method":null,"native":false},{"column":28,"file":"events.js","function":"Object.onceWrapper","line":299,"method":"onceWrapper","native":false},{"column":5,"file":"events.js","function":"Server.emit","line":210,"method":"emit","native":false},{"column":10,"file":"net.js","function":"emitListeningNT","line":1334,"method":null,"native":false},{"column":21,"file":"internal/process/task_queues.js","function":"processTicksAndRejections","line":79,"method":null,"native":false}]}
{"error":{},"level":"error","message":"uncaughtException: An error occurred\nError: An error occurred\n    at Server.<anonymous> (C:\\Users\\Veronika K\\Documents\\FIIT\\ING\\TP\\TP20\\backend\\server.js:91:9)\n    at Object.onceWrapper (events.js:299:28)\n    at Server.emit (events.js:210:5)\n    at emitListeningNT (net.js:1334:10)\n    at processTicksAndRejections (internal/process/task_queues.js:79:21)","stack":"Error: An error occurred\n    at Server.<anonymous> (C:\\Users\\Veronika K\\Documents\\FIIT\\ING\\TP\\TP20\\backend\\server.js:91:9)\n    at Object.onceWrapper (events.js:299:28)\n    at Server.emit (events.js:210:5)\n    at emitListeningNT (net.js:1334:10)\n    at processTicksAndRejections (internal/process/task_queues.js:79:21)","exception":true,"date":"Thu Dec 05 2019 19:24:16 GMT+0100 (GMT+01:00)","process":{"pid":5984,"uid":null,"gid":null,"cwd":"C:\\Users\\Veronika K\\Documents\\FIIT\\ING\\TP\\TP20\\backend","execPath":"C:\\Program Files\\nodejs\\node.exe","version":"v12.12.0","argv":["C:\\Program Files\\nodejs\\node.exe","C:\\Users\\Veronika K\\Documents\\FIIT\\ING\\TP\\TP20\\backend\\server.js"],"memoryUsage":{"rss":37879808,"heapTotal":18747392,"heapUsed":13517984,"external":1734674}},"os":{"loadavg":[0,0,0],"uptime":212997},"trace":[{"column":9,"file":"C:\\Users\\Veronika K\\Documents\\FIIT\\ING\\TP\\TP20\\backend\\server.js","function":null,"line":91,"method":null,"native":false},{"column":28,"file":"events.js","function":"Object.onceWrapper","line":299,"method":"onceWrapper","native":false},{"column":5,"file":"events.js","function":"Server.emit","line":210,"method":"emit","native":false},{"column":10,"file":"net.js","function":"emitListeningNT","line":1334,"method":null,"native":false},{"column":21,"file":"internal/process/task_queues.js","function":"processTicksAndRejections","line":79,"method":null,"native":false}]}
2019-12-05T18:40:08.675Z [right meow!] error: uncaughtException: ENOENT: no such file or directory, open 'C:\Users\Veronika K\Documents\FIIT\ING\TP\TP20\backend\somefile.txt'
Error: ENOENT: no such file or directory, open 'C:\Users\Veronika K\Documents\FIIT\ING\TP\TP20\backend\somefile.txt'
undefined uncaughtException: ENOENT: no such file or directory, open 'C:\Users\Veronika K\Documents\FIIT\ING\TP\TP20\backend\somefile.txt'
Error: ENOENT: no such file or directory, open 'C:\Users\Veronika K\Documents\FIIT\ING\TP\TP20\backend\somefile.txt'
undefined uncaughtException: ENOENT: no such file or directory, open 'C:\Users\Veronika K\Documents\FIIT\ING\TP\TP20\backend\somefile.txt'
Error: ENOENT: no such file or directory, open 'C:\Users\Veronika K\Documents\FIIT\ING\TP\TP20\backend\somefile.txt'
2019-12-05T18:48:45.803Z [right meow!] error: uncaughtException: ENOENT: no such file or directory, open 'C:\Users\Veronika K\Documents\FIIT\ING\TP\TP20\backend\somefile.txt'
Error: ENOENT: no such file or directory, open 'C:\Users\Veronika K\Documents\FIIT\ING\TP\TP20\backend\somefile.txt'
undefined [undefined] error: uncaughtException: ENOENT: no such file or directory, open 'C:\Users\Veronika K\Documents\FIIT\ING\TP\TP20\backend\somefile.txt'
Error: ENOENT: no such file or directory, open 'C:\Users\Veronika K\Documents\FIIT\ING\TP\TP20\backend\somefile.txt'
error: uncaughtException: ENOENT: no such file or directory, open 'C:\Users\Veronika K\Documents\FIIT\ING\TP\TP20\backend\somefile.txt'
Error: ENOENT: no such file or directory, open 'C:\Users\Veronika K\Documents\FIIT\ING\TP\TP20\backend\somefile.txt'
Error: ENOENT: no such file or directory, open 'C:\Users\Veronika K\Documents\FIIT\ING\TP\TP20\backend\somefile.txt'
error: uncaughtException: An error occurred
Error: An error occurred
    at Server.<anonymous> (C:\Users\Veronika K\Documents\FIIT\ING\TP\TP20\backend\server.js:140:9)
    at Object.onceWrapper (events.js:299:28)
    at Server.emit (events.js:210:5)
    at emitListeningNT (net.js:1334:10)
    at processTicksAndRejections (internal/process/task_queues.js:79:21)
Error: An error occurred
    at Server.<anonymous> (C:\Users\Veronika K\Documents\FIIT\ING\TP\TP20\backend\server.js:140:9)
    at Object.onceWrapper (events.js:299:28)
    at Server.emit (events.js:210:5)
    at emitListeningNT (net.js:1334:10)
    at processTicksAndRejections (internal/process/task_queues.js:79:21)
error: uncaughtException: An error occurred
Error: An error occurred
    at Server.<anonymous> (C:\Users\Veronika K\Documents\FIIT\ING\TP\TP20\backend\server.js:140:9)
    at Object.onceWrapper (events.js:299:28)
    at Server.emit (events.js:210:5)
    at emitListeningNT (net.js:1334:10)
    at processTicksAndRejections (internal/process/task_queues.js:79:21)
Error: An error occurred
    at Server.<anonymous> (C:\Users\Veronika K\Documents\FIIT\ING\TP\TP20\backend\server.js:140:9)
    at Object.onceWrapper (events.js:299:28)
    at Server.emit (events.js:210:5)
    at emitListeningNT (net.js:1334:10)
    at processTicksAndRejections (internal/process/task_queues.js:79:21)
2019-12-05T19:00:59.276Z [right meow!] error: uncaughtException: An error occurred
Error: An error occurred
    at Server.<anonymous> (C:\Users\Veronika K\Documents\FIIT\ING\TP\TP20\backend\server.js:140:9)
    at Object.onceWrapper (events.js:299:28)
    at Server.emit (events.js:210:5)
    at emitListeningNT (net.js:1334:10)
    at processTicksAndRejections (internal/process/task_queues.js:79:21)
Error: An error occurred
    at Server.<anonymous> (C:\Users\Veronika K\Documents\FIIT\ING\TP\TP20\backend\server.js:140:9)
    at Object.onceWrapper (events.js:299:28)
    at Server.emit (events.js:210:5)
    at emitListeningNT (net.js:1334:10)
    at processTicksAndRejections (internal/process/task_queues.js:79:21)
error: uncaughtException: An error occurred
Error: An error occurred
    at Server.<anonymous> (C:\Users\Veronika K\Documents\FIIT\ING\TP\TP20\backend\server.js:140:9)
    at Object.onceWrapper (events.js:299:28)
    at Server.emit (events.js:210:5)
    at emitListeningNT (net.js:1334:10)
    at processTicksAndRejections (internal/process/task_queues.js:79:21)
Error: An error occurred
    at Server.<anonymous> (C:\Users\Veronika K\Documents\FIIT\ING\TP\TP20\backend\server.js:140:9)
    at Object.onceWrapper (events.js:299:28)
    at Server.emit (events.js:210:5)
    at emitListeningNT (net.js:1334:10)
    at processTicksAndRejections (internal/process/task_queues.js:79:21)
undefined [undefined] error: uncaughtException: An error occurred
Error: An error occurred
    at Server.<anonymous> (C:\Users\Veronika K\Documents\FIIT\ING\TP\TP20\backend\server.js:140:9)
    at Object.onceWrapper (events.js:299:28)
    at Server.emit (events.js:210:5)
    at emitListeningNT (net.js:1334:10)
    at processTicksAndRejections (internal/process/task_queues.js:79:21)
Error: An error occurred
    at Server.<anonymous> (C:\Users\Veronika K\Documents\FIIT\ING\TP\TP20\backend\server.js:140:9)
    at Object.onceWrapper (events.js:299:28)
    at Server.emit (events.js:210:5)
    at emitListeningNT (net.js:1334:10)
    at processTicksAndRejections (internal/process/task_queues.js:79:21)
2019-12-05T19:03:31.902Z uncaughtException: An error occurred
Error: An error occurred
    at Server.<anonymous> (C:\Users\Veronika K\Documents\FIIT\ING\TP\TP20\backend\server.js:140:9)
    at Object.onceWrapper (events.js:299:28)
    at Server.emit (events.js:210:5)
    at emitListeningNT (net.js:1334:10)
    at processTicksAndRejections (internal/process/task_queues.js:79:21)
Error: An error occurred
    at Server.<anonymous> (C:\Users\Veronika K\Documents\FIIT\ING\TP\TP20\backend\server.js:140:9)
    at Object.onceWrapper (events.js:299:28)
    at Server.emit (events.js:210:5)
    at emitListeningNT (net.js:1334:10)
    at processTicksAndRejections (internal/process/task_queues.js:79:21)
error: uncaughtException: An error occurred
Error: An error occurred
    at Server.<anonymous> (C:\Users\Veronika K\Documents\FIIT\ING\TP\TP20\backend\server.js:140:9)
    at Object.onceWrapper (events.js:299:28)
    at Server.emit (events.js:210:5)
    at emitListeningNT (net.js:1334:10)
    at processTicksAndRejections (internal/process/task_queues.js:79:21)
Error: An error occurred
    at Server.<anonymous> (C:\Users\Veronika K\Documents\FIIT\ING\TP\TP20\backend\server.js:140:9)
    at Object.onceWrapper (events.js:299:28)
    at Server.emit (events.js:210:5)
    at emitListeningNT (net.js:1334:10)
    at processTicksAndRejections (internal/process/task_queues.js:79:21)
error: uncaughtException: An error occurred
Error: An error occurred
    at Server.<anonymous> (C:\Users\Veronika K\Documents\FIIT\ING\TP\TP20\backend\server.js:141:9)
    at Object.onceWrapper (events.js:299:28)
    at Server.emit (events.js:210:5)
    at emitListeningNT (net.js:1334:10)
    at processTicksAndRejections (internal/process/task_queues.js:79:21)
Error: An error occurred
    at Server.<anonymous> (C:\Users\Veronika K\Documents\FIIT\ING\TP\TP20\backend\server.js:141:9)
    at Object.onceWrapper (events.js:299:28)
    at Server.emit (events.js:210:5)
    at emitListeningNT (net.js:1334:10)
    at processTicksAndRejections (internal/process/task_queues.js:79:21)
error: uncaughtException: An error occurred
Error: An error occurred
    at Server.<anonymous> (C:\Users\Veronika K\Documents\FIIT\ING\TP\TP20\backend\server.js:141:9)
    at Object.onceWrapper (events.js:299:28)
    at Server.emit (events.js:210:5)
    at emitListeningNT (net.js:1334:10)
    at processTicksAndRejections (internal/process/task_queues.js:79:21)
Error: An error occurred
    at Server.<anonymous> (C:\Users\Veronika K\Documents\FIIT\ING\TP\TP20\backend\server.js:141:9)
    at Object.onceWrapper (events.js:299:28)
    at Server.emit (events.js:210:5)
    at emitListeningNT (net.js:1334:10)
    at processTicksAndRejections (internal/process/task_queues.js:79:21)
function createFormatWrap(opts) {
    return new Format(opts);
  } error: uncaughtException: An error occurred
Error: An error occurred
    at Server.<anonymous> (C:\Users\Veronika K\Documents\FIIT\ING\TP\TP20\backend\server.js:140:9)
    at Object.onceWrapper (events.js:299:28)
    at Server.emit (events.js:210:5)
    at emitListeningNT (net.js:1334:10)
    at processTicksAndRejections (internal/process/task_queues.js:79:21)
Error: An error occurred
    at Server.<anonymous> (C:\Users\Veronika K\Documents\FIIT\ING\TP\TP20\backend\server.js:140:9)
    at Object.onceWrapper (events.js:299:28)
    at Server.emit (events.js:210:5)
    at emitListeningNT (net.js:1334:10)
    at processTicksAndRejections (internal/process/task_queues.js:79:21)
2019-12-05T19:12:50.776Z error: uncaughtException: An error occurred
Error: An error occurred
    at Server.<anonymous> (C:\Users\Veronika K\Documents\FIIT\ING\TP\TP20\backend\server.js:143:9)
    at Object.onceWrapper (events.js:299:28)
    at Server.emit (events.js:210:5)
    at emitListeningNT (net.js:1334:10)
    at processTicksAndRejections (internal/process/task_queues.js:79:21)
Error: An error occurred
    at Server.<anonymous> (C:\Users\Veronika K\Documents\FIIT\ING\TP\TP20\backend\server.js:143:9)
    at Object.onceWrapper (events.js:299:28)
    at Server.emit (events.js:210:5)
    at emitListeningNT (net.js:1334:10)
    at processTicksAndRejections (internal/process/task_queues.js:79:21)
2019-12-05T19:14:07.605Z error: uncaughtException: An error occurred
Error: An error occurred
    at Server.<anonymous> (C:\Users\Veronika K\Documents\FIIT\ING\TP\TP20\backend\server.js:143:9)
    at Object.onceWrapper (events.js:299:28)
    at Server.emit (events.js:210:5)
    at emitListeningNT (net.js:1334:10)
    at processTicksAndRejections (internal/process/task_queues.js:79:21)
2019-12-05T19:19:35.484Z error: uncaughtException: An error occurred
Error: An error occurred
    at Server.<anonymous> (C:\Users\Veronika K\Documents\FIIT\ING\TP\TP20\backend\server.js:143:9)
    at Object.onceWrapper (events.js:299:28)
    at Server.emit (events.js:210:5)
    at emitListeningNT (net.js:1334:10)
    at processTicksAndRejections (internal/process/task_queues.js:79:21)
Error: An error occurred
    at Server.<anonymous> (C:\Users\Veronika K\Documents\FIIT\ING\TP\TP20\backend\server.js:143:9)
    at Object.onceWrapper (events.js:299:28)
    at Server.emit (events.js:210:5)
    at emitListeningNT (net.js:1334:10)
    at processTicksAndRejections (internal/process/task_queues.js:79:21)
2019-12-05T19:20:29.093Z error: uncaughtException: An error occurred
Error: An error occurred
    at Server.<anonymous> (C:\Users\Veronika K\Documents\FIIT\ING\TP\TP20\backend\server.js:143:9)
    at Object.onceWrapper (events.js:299:28)
    at Server.emit (events.js:210:5)
    at emitListeningNT (net.js:1334:10)
    at processTicksAndRejections (internal/process/task_queues.js:79:21)
Error: An error occurred
    at Server.<anonymous> (C:\Users\Veronika K\Documents\FIIT\ING\TP\TP20\backend\server.js:143:9)
    at Object.onceWrapper (events.js:299:28)
    at Server.emit (events.js:210:5)
    at emitListeningNT (net.js:1334:10)
    at processTicksAndRejections (internal/process/task_queues.js:79:21)
2019-12-05T19:21:49.019Z error: uncaughtException: An error occurred
Error: An error occurred
    at Server.<anonymous> (C:\Users\Veronika K\Documents\FIIT\ING\TP\TP20\backend\server.js:145:9)
    at Object.onceWrapper (events.js:299:28)
    at Server.emit (events.js:210:5)
    at emitListeningNT (net.js:1334:10)
    at processTicksAndRejections (internal/process/task_queues.js:79:21)
Error: An error occurred
    at Server.<anonymous> (C:\Users\Veronika K\Documents\FIIT\ING\TP\TP20\backend\server.js:145:9)
    at Object.onceWrapper (events.js:299:28)
    at Server.emit (events.js:210:5)
    at emitListeningNT (net.js:1334:10)
    at processTicksAndRejections (internal/process/task_queues.js:79:21)
2019-12-05T19:22:13.538Z error: uncaughtException: An error occurred
Error: An error occurred
    at Server.<anonymous> (C:\Users\Veronika K\Documents\FIIT\ING\TP\TP20\backend\server.js:145:9)
    at Object.onceWrapper (events.js:299:28)
    at Server.emit (events.js:210:5)
    at emitListeningNT (net.js:1334:10)
    at processTicksAndRejections (internal/process/task_queues.js:79:21)
Error: An error occurred
    at Server.<anonymous> (C:\Users\Veronika K\Documents\FIIT\ING\TP\TP20\backend\server.js:145:9)
    at Object.onceWrapper (events.js:299:28)
    at Server.emit (events.js:210:5)
    at emitListeningNT (net.js:1334:10)
    at processTicksAndRejections (internal/process/task_queues.js:79:21)
2019-12-05T19:23:34.124Z error: uncaughtException: An error occurred
Error: An error occurred
    at Server.<anonymous> (C:\Users\Veronika K\Documents\FIIT\ING\TP\TP20\backend\server.js:151:9)
    at Object.onceWrapper (events.js:299:28)
    at Server.emit (events.js:210:5)
    at emitListeningNT (net.js:1334:10)
    at processTicksAndRejections (internal/process/task_queues.js:79:21)
Error: An error occurred
    at Server.<anonymous> (C:\Users\Veronika K\Documents\FIIT\ING\TP\TP20\backend\server.js:151:9)
    at Object.onceWrapper (events.js:299:28)
    at Server.emit (events.js:210:5)
    at emitListeningNT (net.js:1334:10)
    at processTicksAndRejections (internal/process/task_queues.js:79:21)
2019-12-05T19:26:51.213Z error: uncaughtException: An error occurred
Error: An error occurred
    at Server.<anonymous> (C:\Users\Veronika K\Documents\FIIT\ING\TP\TP20\backend\server.js:151:9)
    at Object.onceWrapper (events.js:299:28)
    at Server.emit (events.js:210:5)
    at emitListeningNT (net.js:1334:10)
    at processTicksAndRejections (internal/process/task_queues.js:79:21)
Error: An error occurred
    at Server.<anonymous> (C:\Users\Veronika K\Documents\FIIT\ING\TP\TP20\backend\server.js:151:9)
    at Object.onceWrapper (events.js:299:28)
    at Server.emit (events.js:210:5)
    at emitListeningNT (net.js:1334:10)
    at processTicksAndRejections (internal/process/task_queues.js:79:21)
2019-12-05T19:27:12.457Z error: uncaughtException: An error occurred
Error: An error occurred
    at Server.<anonymous> (C:\Users\Veronika K\Documents\FIIT\ING\TP\TP20\backend\server.js:151:9)
    at Object.onceWrapper (events.js:299:28)
    at Server.emit (events.js:210:5)
    at emitListeningNT (net.js:1334:10)
    at processTicksAndRejections (internal/process/task_queues.js:79:21)
Error: An error occurred
    at Server.<anonymous> (C:\Users\Veronika K\Documents\FIIT\ING\TP\TP20\backend\server.js:151:9)
    at Object.onceWrapper (events.js:299:28)
    at Server.emit (events.js:210:5)
    at emitListeningNT (net.js:1334:10)
    at processTicksAndRejections (internal/process/task_queues.js:79:21)
2019-12-05T19:28:04.742Z error: uncaughtException: An error occurred
Error: An error occurred
    at Server.<anonymous> (C:\Users\Veronika K\Documents\FIIT\ING\TP\TP20\backend\server.js:151:9)
    at Object.onceWrapper (events.js:299:28)
    at Server.emit (events.js:210:5)
    at emitListeningNT (net.js:1334:10)
    at processTicksAndRejections (internal/process/task_queues.js:79:21)
Error: An error occurred
    at Server.<anonymous> (C:\Users\Veronika K\Documents\FIIT\ING\TP\TP20\backend\server.js:151:9)
    at Object.onceWrapper (events.js:299:28)
    at Server.emit (events.js:210:5)
    at emitListeningNT (net.js:1334:10)
    at processTicksAndRejections (internal/process/task_queues.js:79:21)
2019-12-05T19:29:09.195Z error: uncaughtException: An error occurred
Error: An error occurred
    at Server.<anonymous> (C:\Users\Veronika K\Documents\FIIT\ING\TP\TP20\backend\server.js:151:9)
    at Object.onceWrapper (events.js:299:28)
    at Server.emit (events.js:210:5)
    at emitListeningNT (net.js:1334:10)
    at processTicksAndRejections (internal/process/task_queues.js:79:21)
2019-12-05T19:30:31.873Z error: uncaughtException: An error occurred
Error: An error occurred
    at Server.<anonymous> (C:\Users\Veronika K\Documents\FIIT\ING\TP\TP20\backend\server.js:139:9)
    at Object.onceWrapper (events.js:299:28)
    at Server.emit (events.js:210:5)
    at emitListeningNT (net.js:1334:10)
    at processTicksAndRejections (internal/process/task_queues.js:79:21)
2019-12-05T19:31:10.939Z error: uncaughtException: ENOENT: no such file or directory, open 'C:\Users\Veronika K\Documents\FIIT\ING\TP\TP20\backend\somefile.txt'
Error: ENOENT: no such file or directory, open 'C:\Users\Veronika K\Documents\FIIT\ING\TP\TP20\backend\somefile.txt'
2019-12-05T19:33:06.942Z uncaughtException: ENOENT: no such file or directory, open 'C:\Users\Veronika K\Documents\FIIT\ING\TP\TP20\backend\somefile.txt'
Error: ENOENT: no such file or directory, open 'C:\Users\Veronika K\Documents\FIIT\ING\TP\TP20\backend\somefile.txt'
2019-12-05T19:33:35.451Z uncaughtException: An error occurred
Error: An error occurred
    at Server.<anonymous> (C:\Users\Veronika K\Documents\FIIT\ING\TP\TP20\backend\server.js:139:9)
    at Object.onceWrapper (events.js:299:28)
    at Server.emit (events.js:210:5)
    at emitListeningNT (net.js:1334:10)
    at processTicksAndRejections (internal/process/task_queues.js:79:21)
2019-12-05T19:34:29.228Z error: uncaughtException: ENOENT: no such file or directory, open 'C:\Users\Veronika K\Documents\FIIT\ING\TP\TP20\backend\somefile.txt'
Error: ENOENT: no such file or directory, open 'C:\Users\Veronika K\Documents\FIIT\ING\TP\TP20\backend\somefile.txt'
2019-12-05T19:35:05.688Z error: uncaughtException: An error occurred
Error: An error occurred
    at Server.<anonymous> (C:\Users\Veronika K\Documents\FIIT\ING\TP\TP20\backend\server.js:104:9)
    at Object.onceWrapper (events.js:299:28)
    at Server.emit (events.js:210:5)
    at emitListeningNT (net.js:1334:10)
    at processTicksAndRejections (internal/process/task_queues.js:79:21)
2019-12-05T19:36:07.370Z error: uncaughtException: An error occurred
Error: An error occurred
    at Server.<anonymous> (C:\Users\Veronika K\Documents\FIIT\ING\TP\TP20\backend\server.js:114:9)
    at Object.onceWrapper (events.js:299:28)
    at Server.emit (events.js:210:5)
    at emitListeningNT (net.js:1334:10)
    at processTicksAndRejections (internal/process/task_queues.js:79:21)
2019-12-05T19:36:07.375Z error: uncaughtException: ENOENT: no such file or directory, open 'C:\Users\Veronika K\Documents\FIIT\ING\TP\TP20\backend\somefile.txt'
Error: ENOENT: no such file or directory, open 'C:\Users\Veronika K\Documents\FIIT\ING\TP\TP20\backend\somefile.txt'
2019-12-05T19:37:34.997Z error: uncaughtException: An error occurred
Error: An error occurred
    at Server.<anonymous> (C:\Users\Veronika K\Documents\FIIT\ING\TP\TP20\backend\server.js:110:9)
    at Object.onceWrapper (events.js:299:28)
    at Server.emit (events.js:210:5)
    at emitListeningNT (net.js:1334:10)
    at processTicksAndRejections (internal/process/task_queues.js:79:21)
2019-12-05T19:39:12.545Z error: uncaughtException: An error occurred
Error: An error occurred
    at Server.<anonymous> (C:\Users\Veronika K\Documents\FIIT\ING\TP\TP20\backend\server.js:108:9)
    at Object.onceWrapper (events.js:299:28)
    at Server.emit (events.js:210:5)
    at emitListeningNT (net.js:1334:10)
    at processTicksAndRejections (internal/process/task_queues.js:79:21)
2019-12-05T19:39:12.553Z error: uncaughtException: ENOENT: no such file or directory, open 'C:\Users\Veronika K\Documents\FIIT\ING\TP\TP20\backend\somefile.txt'
Error: ENOENT: no such file or directory, open 'C:\Users\Veronika K\Documents\FIIT\ING\TP\TP20\backend\somefile.txt'
2019-12-05T19:39:42.274Z error: uncaughtException: An error occurred
Error: An error occurred
    at Server.<anonymous> (C:\Users\Veronika K\Documents\FIIT\ING\TP\TP20\backend\server.js:108:9)
    at Object.onceWrapper (events.js:299:28)
    at Server.emit (events.js:210:5)
    at emitListeningNT (net.js:1334:10)
    at processTicksAndRejections (internal/process/task_queues.js:79:21)
2019-12-05T19:42:22.001Z error: uncaughtException: An error occurred
Error: An error occurred
    at Server.<anonymous> (C:\Users\Veronika K\Documents\FIIT\ING\TP\TP20\backend\server.js:140:9)
    at Object.onceWrapper (events.js:299:28)
    at Server.emit (events.js:210:5)
    at emitListeningNT (net.js:1334:10)
    at processTicksAndRejections (internal/process/task_queues.js:79:21)
2019-12-05T19:49:01.613Z error: uncaughtException: An error occurred
Error: An error occurred
    at Server.<anonymous> (C:\Users\Veronika K\Documents\FIIT\ING\TP\TP20\backend\server.js:103:9)
    at Object.onceWrapper (events.js:299:28)
    at Server.emit (events.js:210:5)
    at emitListeningNT (net.js:1334:10)
    at processTicksAndRejections (internal/process/task_queues.js:79:21)
undefined error: uncaughtException: An error occurred
Error: An error occurred
    at Server.<anonymous> (C:\Users\Veronika K\Documents\FIIT\ING\TP\TP20\backend\server.js:103:9)
    at Object.onceWrapper (events.js:299:28)
    at Server.emit (events.js:210:5)
    at emitListeningNT (net.js:1334:10)
    at processTicksAndRejections (internal/process/task_queues.js:79:21)
2019-12-05T21:09:43.109Z error: uncaughtException: An error occurred
Error: An error occurred
    at Server.<anonymous> (C:\Users\Veronika K\Documents\FIIT\ING\TP\TP20\backend\server.js:103:9)
    at Object.onceWrapper (events.js:299:28)
    at Server.emit (events.js:210:5)
    at emitListeningNT (net.js:1334:10)
    at processTicksAndRejections (internal/process/task_queues.js:79:21)
2019-12-08T22:07:12.216Z error: uncaughtException: An error occurred
Error: An error occurred
    at Server.<anonymous> (C:\Users\Veronika K\Documents\FIIT\ING\TP\TP20\backend\server.js:103:9)
    at Object.onceWrapper (events.js:299:28)
    at Server.emit (events.js:210:5)
    at emitListeningNT (net.js:1334:10)
    at processTicksAndRejections (internal/process/task_queues.js:79:21)
2019-12-08T22:27:05.057Z error: uncaughtException: ENOENT: no such file or directory, open 'C:\Users\Veronika K\Documents\FIIT\ING\TP\TP20\backend\somefile.txt'
Error: ENOENT: no such file or directory, open 'C:\Users\Veronika K\Documents\FIIT\ING\TP\TP20\backend\somefile.txt'
2019-12-08T22:35:34.849Z error: uncaughtException: ENOENT: no such file or directory, open 'C:\Users\Veronika K\Documents\FIIT\ING\TP\TP20\backend\somefile.txt'
Error: ENOENT: no such file or directory, open 'C:\Users\Veronika K\Documents\FIIT\ING\TP\TP20\backend\somefile.txt'
2019-12-12T08:52:28.207Z error: uncaughtException: ENOENT: no such file or directory, open 'C:\Users\Veronika K\Documents\FIIT\ING\TP\TP20\backend\somefile.txt'
Error: ENOENT: no such file or directory, open 'C:\Users\Veronika K\Documents\FIIT\ING\TP\TP20\backend\somefile.txt'
2019-12-12T11:34:36.875Z error: uncaughtException: ENOENT: no such file or directory, open 'C:\Users\Veronika K\Documents\FIIT\ING\TP\TP20\backend\somefile.txt'
Error: ENOENT: no such file or directory, open 'C:\Users\Veronika K\Documents\FIIT\ING\TP\TP20\backend\somefile.txt'
2019-12-12T18:59:49.328Z error: uncaughtException: ENOENT: no such file or directory, open 'C:\Users\Veronika K\Documents\FIIT\ING\TP\TP20\backend\somefile.txt'
Error: ENOENT: no such file or directory, open 'C:\Users\Veronika K\Documents\FIIT\ING\TP\TP20\backend\somefile.txt'
2019-12-12T19:01:06.722Z error: uncaughtException: ENOENT: no such file or directory, open 'C:\Users\Veronika K\Documents\FIIT\ING\TP\TP20\backend\somefile.txt'
Error: ENOENT: no such file or directory, open 'C:\Users\Veronika K\Documents\FIIT\ING\TP\TP20\backend\somefile.txt'
2019-12-12T19:46:39.696Z error: uncaughtException: ENOENT: no such file or directory, open 'C:\Users\Veronika K\Documents\FIIT\ING\TP\TP20\backend\nonexistingfile.txt'
Error: ENOENT: no such file or directory, open 'C:\Users\Veronika K\Documents\FIIT\ING\TP\TP20\backend\nonexistingfile.txt'
2019-12-12T19:47:33.316Z error: uncaughtException: An error occurred
Error: An error occurred
    at Server.<anonymous> (C:\Users\Veronika K\Documents\FIIT\ING\TP\TP20\backend\server.js:98:9)
    at Object.onceWrapper (events.js:299:28)
    at Server.emit (events.js:210:5)
    at emitListeningNT (net.js:1334:10)
    at processTicksAndRejections (internal/process/task_queues.js:79:21)
